2015-09-23 16:28:10,071 - Initializing Velocity, Calling init()...
2015-09-23 16:28:10,071 - Starting Apache Velocity v1.7 (compiled: 2010-11-19 12:14:37)
2015-09-23 16:28:10,071 - Default Properties File: org\apache\velocity\runtime\defaults\velocity.properties
2015-09-23 16:28:10,071 - Trying to use logger class org.apache.velocity.runtime.log.AvalonLogChute
2015-09-23 16:28:10,071 - Target log system for org.apache.velocity.runtime.log.AvalonLogChute is not available (java.lang.NoClassDefFoundError: org/apache/log/format/Formatter).  Falling back to next log system...
2015-09-23 16:28:10,071 - Trying to use logger class org.apache.velocity.runtime.log.Log4JLogChute
2015-09-23 16:28:10,071 - Using logger class org.apache.velocity.runtime.log.Log4JLogChute
2015-09-23 16:28:10,074 - ResourceLoader instantiated: org.apache.velocity.runtime.resource.loader.ClasspathResourceLoader
2015-09-23 16:28:10,085 - ResourceCache: initialized (class org.apache.velocity.runtime.resource.ResourceCacheImpl) with class java.util.Collections$SynchronizedMap cache map.
2015-09-23 16:28:10,087 - Loaded System Directive: org.apache.velocity.runtime.directive.Stop
2015-09-23 16:28:10,088 - Loaded System Directive: org.apache.velocity.runtime.directive.Define
2015-09-23 16:28:10,088 - Loaded System Directive: org.apache.velocity.runtime.directive.Break
2015-09-23 16:28:10,089 - Loaded System Directive: org.apache.velocity.runtime.directive.Evaluate
2015-09-23 16:28:10,089 - Loaded System Directive: org.apache.velocity.runtime.directive.Literal
2015-09-23 16:28:10,090 - Loaded System Directive: org.apache.velocity.runtime.directive.Macro
2015-09-23 16:28:10,090 - Loaded System Directive: org.apache.velocity.runtime.directive.Parse
2015-09-23 16:28:10,095 - Loaded System Directive: org.apache.velocity.runtime.directive.Include
2015-09-23 16:28:10,096 - Loaded System Directive: org.apache.velocity.runtime.directive.Foreach
2015-09-23 16:28:10,114 - Created '20' parsers.
2015-09-23 16:28:10,117 - Velocimacro : "velocimacro.library" is not set.  Trying default library: VM_global_library.vm
2015-09-23 16:28:10,117 - Could not load resource 'VM_global_library.vm' from ResourceLoader org.apache.velocity.runtime.resource.loader.ClasspathResourceLoader: ClasspathResourceLoader Error: cannot find resource VM_global_library.vm
2015-09-23 16:28:10,117 - Velocimacro : Default library not found.
2015-09-23 16:28:10,117 - Velocimacro : allowInline = true : VMs can be defined inline in templates
2015-09-23 16:28:10,117 - Velocimacro : allowInlineToOverride = false : VMs defined inline may NOT replace previous VM definitions
2015-09-23 16:28:10,117 - Velocimacro : allowInlineLocal = false : VMs defined inline will be global in scope if allowed.
2015-09-23 16:28:10,117 - Velocimacro : autoload off : VM system will not automatically reload global library macros
2015-09-23 16:28:10,124 - ResourceManager : found vm/java/messageCode.vm with loader org.apache.velocity.runtime.resource.loader.ClasspathResourceLoader
2015-09-23 16:28:10,131 - Log4JLogChute initialized using file 'velocity.log'
2015-09-23 16:28:10,131 - Initializing Velocity, Calling init()...
2015-09-23 16:28:10,131 - Starting Apache Velocity v1.7 (compiled: 2010-11-19 12:14:37)
2015-09-23 16:28:10,131 - Default Properties File: org\apache\velocity\runtime\defaults\velocity.properties
2015-09-23 16:28:10,131 - Trying to use logger class org.apache.velocity.runtime.log.AvalonLogChute
2015-09-23 16:28:10,131 - Target log system for org.apache.velocity.runtime.log.AvalonLogChute is not available (java.lang.NoClassDefFoundError: org/apache/log/format/Formatter).  Falling back to next log system...
2015-09-23 16:28:10,131 - Trying to use logger class org.apache.velocity.runtime.log.Log4JLogChute
2015-09-23 16:28:10,131 - Using logger class org.apache.velocity.runtime.log.Log4JLogChute
2015-09-23 16:28:10,131 - ResourceLoader instantiated: org.apache.velocity.runtime.resource.loader.ClasspathResourceLoader
2015-09-23 16:28:10,131 - ResourceCache: initialized (class org.apache.velocity.runtime.resource.ResourceCacheImpl) with class java.util.Collections$SynchronizedMap cache map.
2015-09-23 16:28:10,131 - Loaded System Directive: org.apache.velocity.runtime.directive.Stop
2015-09-23 16:28:10,131 - Loaded System Directive: org.apache.velocity.runtime.directive.Define
2015-09-23 16:28:10,132 - Loaded System Directive: org.apache.velocity.runtime.directive.Break
2015-09-23 16:28:10,132 - Loaded System Directive: org.apache.velocity.runtime.directive.Evaluate
2015-09-23 16:28:10,132 - Loaded System Directive: org.apache.velocity.runtime.directive.Literal
2015-09-23 16:28:10,132 - Loaded System Directive: org.apache.velocity.runtime.directive.Macro
2015-09-23 16:28:10,132 - Loaded System Directive: org.apache.velocity.runtime.directive.Parse
2015-09-23 16:28:10,132 - Loaded System Directive: org.apache.velocity.runtime.directive.Include
2015-09-23 16:28:10,132 - Loaded System Directive: org.apache.velocity.runtime.directive.Foreach
2015-09-23 16:28:10,133 - Created '20' parsers.
2015-09-23 16:28:10,133 - Velocimacro : "velocimacro.library" is not set.  Trying default library: VM_global_library.vm
2015-09-23 16:28:10,133 - Could not load resource 'VM_global_library.vm' from ResourceLoader org.apache.velocity.runtime.resource.loader.ClasspathResourceLoader: ClasspathResourceLoader Error: cannot find resource VM_global_library.vm
2015-09-23 16:28:10,133 - Velocimacro : Default library not found.
2015-09-23 16:28:10,133 - Velocimacro : allowInline = true : VMs can be defined inline in templates
2015-09-23 16:28:10,133 - Velocimacro : allowInlineToOverride = false : VMs defined inline may NOT replace previous VM definitions
2015-09-23 16:28:10,133 - Velocimacro : allowInlineLocal = false : VMs defined inline will be global in scope if allowed.
2015-09-23 16:28:10,133 - Velocimacro : autoload off : VM system will not automatically reload global library macros
2015-09-23 16:28:10,134 - ResourceManager : found vm/java/message.vm with loader org.apache.velocity.runtime.resource.loader.ClasspathResourceLoader
2015-09-23 16:28:10,136 - Log4JLogChute initialized using file 'velocity.log'
2015-09-23 16:28:10,136 - Initializing Velocity, Calling init()...
2015-09-23 16:28:10,136 - Starting Apache Velocity v1.7 (compiled: 2010-11-19 12:14:37)
2015-09-23 16:28:10,136 - Default Properties File: org\apache\velocity\runtime\defaults\velocity.properties
2015-09-23 16:28:10,136 - Trying to use logger class org.apache.velocity.runtime.log.AvalonLogChute
2015-09-23 16:28:10,136 - Target log system for org.apache.velocity.runtime.log.AvalonLogChute is not available (java.lang.NoClassDefFoundError: org/apache/log/format/Formatter).  Falling back to next log system...
2015-09-23 16:28:10,136 - Trying to use logger class org.apache.velocity.runtime.log.Log4JLogChute
2015-09-23 16:28:10,136 - Using logger class org.apache.velocity.runtime.log.Log4JLogChute
2015-09-23 16:28:10,136 - ResourceLoader instantiated: org.apache.velocity.runtime.resource.loader.ClasspathResourceLoader
2015-09-23 16:28:10,137 - ResourceCache: initialized (class org.apache.velocity.runtime.resource.ResourceCacheImpl) with class java.util.Collections$SynchronizedMap cache map.
2015-09-23 16:28:10,137 - Loaded System Directive: org.apache.velocity.runtime.directive.Stop
2015-09-23 16:28:10,137 - Loaded System Directive: org.apache.velocity.runtime.directive.Define
2015-09-23 16:28:10,137 - Loaded System Directive: org.apache.velocity.runtime.directive.Break
2015-09-23 16:28:10,137 - Loaded System Directive: org.apache.velocity.runtime.directive.Evaluate
2015-09-23 16:28:10,137 - Loaded System Directive: org.apache.velocity.runtime.directive.Literal
2015-09-23 16:28:10,137 - Loaded System Directive: org.apache.velocity.runtime.directive.Macro
2015-09-23 16:28:10,137 - Loaded System Directive: org.apache.velocity.runtime.directive.Parse
2015-09-23 16:28:10,137 - Loaded System Directive: org.apache.velocity.runtime.directive.Include
2015-09-23 16:28:10,137 - Loaded System Directive: org.apache.velocity.runtime.directive.Foreach
2015-09-23 16:28:10,138 - Created '20' parsers.
2015-09-23 16:28:10,138 - Velocimacro : "velocimacro.library" is not set.  Trying default library: VM_global_library.vm
2015-09-23 16:28:10,139 - Could not load resource 'VM_global_library.vm' from ResourceLoader org.apache.velocity.runtime.resource.loader.ClasspathResourceLoader: ClasspathResourceLoader Error: cannot find resource VM_global_library.vm
2015-09-23 16:28:10,139 - Velocimacro : Default library not found.
2015-09-23 16:28:10,139 - Velocimacro : allowInline = true : VMs can be defined inline in templates
2015-09-23 16:28:10,139 - Velocimacro : allowInlineToOverride = false : VMs defined inline may NOT replace previous VM definitions
2015-09-23 16:28:10,139 - Velocimacro : allowInlineLocal = false : VMs defined inline will be global in scope if allowed.
2015-09-23 16:28:10,139 - Velocimacro : autoload off : VM system will not automatically reload global library macros
2015-09-23 16:28:10,139 - ResourceManager : found vm/java/message.vm with loader org.apache.velocity.runtime.resource.loader.ClasspathResourceLoader
2015-09-23 16:28:10,141 - Log4JLogChute initialized using file 'velocity.log'
2015-09-23 16:28:10,142 - Initializing Velocity, Calling init()...
2015-09-23 16:28:10,142 - Starting Apache Velocity v1.7 (compiled: 2010-11-19 12:14:37)
2015-09-23 16:28:10,142 - Default Properties File: org\apache\velocity\runtime\defaults\velocity.properties
2015-09-23 16:28:10,142 - Trying to use logger class org.apache.velocity.runtime.log.AvalonLogChute
2015-09-23 16:28:10,142 - Target log system for org.apache.velocity.runtime.log.AvalonLogChute is not available (java.lang.NoClassDefFoundError: org/apache/log/format/Formatter).  Falling back to next log system...
2015-09-23 16:28:10,142 - Trying to use logger class org.apache.velocity.runtime.log.Log4JLogChute
2015-09-23 16:28:10,142 - Using logger class org.apache.velocity.runtime.log.Log4JLogChute
2015-09-23 16:28:10,142 - ResourceLoader instantiated: org.apache.velocity.runtime.resource.loader.ClasspathResourceLoader
2015-09-23 16:28:10,143 - ResourceCache: initialized (class org.apache.velocity.runtime.resource.ResourceCacheImpl) with class java.util.Collections$SynchronizedMap cache map.
2015-09-23 16:28:10,144 - Loaded System Directive: org.apache.velocity.runtime.directive.Stop
2015-09-23 16:28:10,144 - Loaded System Directive: org.apache.velocity.runtime.directive.Define
2015-09-23 16:28:10,144 - Loaded System Directive: org.apache.velocity.runtime.directive.Break
2015-09-23 16:28:10,144 - Loaded System Directive: org.apache.velocity.runtime.directive.Evaluate
2015-09-23 16:28:10,144 - Loaded System Directive: org.apache.velocity.runtime.directive.Literal
2015-09-23 16:28:10,144 - Loaded System Directive: org.apache.velocity.runtime.directive.Macro
2015-09-23 16:28:10,144 - Loaded System Directive: org.apache.velocity.runtime.directive.Parse
2015-09-23 16:28:10,144 - Loaded System Directive: org.apache.velocity.runtime.directive.Include
2015-09-23 16:28:10,144 - Loaded System Directive: org.apache.velocity.runtime.directive.Foreach
2015-09-23 16:28:10,145 - Created '20' parsers.
2015-09-23 16:28:10,145 - Velocimacro : "velocimacro.library" is not set.  Trying default library: VM_global_library.vm
2015-09-23 16:28:10,146 - Could not load resource 'VM_global_library.vm' from ResourceLoader org.apache.velocity.runtime.resource.loader.ClasspathResourceLoader: ClasspathResourceLoader Error: cannot find resource VM_global_library.vm
2015-09-23 16:28:10,146 - Velocimacro : Default library not found.
2015-09-23 16:28:10,146 - Velocimacro : allowInline = true : VMs can be defined inline in templates
2015-09-23 16:28:10,146 - Velocimacro : allowInlineToOverride = false : VMs defined inline may NOT replace previous VM definitions
2015-09-23 16:28:10,146 - Velocimacro : allowInlineLocal = false : VMs defined inline will be global in scope if allowed.
2015-09-23 16:28:10,146 - Velocimacro : autoload off : VM system will not automatically reload global library macros
2015-09-23 16:28:10,146 - ResourceManager : found vm/java/message.vm with loader org.apache.velocity.runtime.resource.loader.ClasspathResourceLoader
2015-09-23 16:28:10,149 - Log4JLogChute initialized using file 'velocity.log'
2015-09-23 16:28:10,149 - Initializing Velocity, Calling init()...
2015-09-23 16:28:10,149 - Starting Apache Velocity v1.7 (compiled: 2010-11-19 12:14:37)
2015-09-23 16:28:10,149 - Default Properties File: org\apache\velocity\runtime\defaults\velocity.properties
2015-09-23 16:28:10,149 - Trying to use logger class org.apache.velocity.runtime.log.AvalonLogChute
2015-09-23 16:28:10,149 - Target log system for org.apache.velocity.runtime.log.AvalonLogChute is not available (java.lang.NoClassDefFoundError: org/apache/log/format/Formatter).  Falling back to next log system...
2015-09-23 16:28:10,149 - Trying to use logger class org.apache.velocity.runtime.log.Log4JLogChute
2015-09-23 16:28:10,149 - Using logger class org.apache.velocity.runtime.log.Log4JLogChute
2015-09-23 16:28:10,149 - ResourceLoader instantiated: org.apache.velocity.runtime.resource.loader.ClasspathResourceLoader
2015-09-23 16:28:10,149 - ResourceCache: initialized (class org.apache.velocity.runtime.resource.ResourceCacheImpl) with class java.util.Collections$SynchronizedMap cache map.
2015-09-23 16:28:10,150 - Loaded System Directive: org.apache.velocity.runtime.directive.Stop
2015-09-23 16:28:10,150 - Loaded System Directive: org.apache.velocity.runtime.directive.Define
2015-09-23 16:28:10,150 - Loaded System Directive: org.apache.velocity.runtime.directive.Break
2015-09-23 16:28:10,150 - Loaded System Directive: org.apache.velocity.runtime.directive.Evaluate
2015-09-23 16:28:10,150 - Loaded System Directive: org.apache.velocity.runtime.directive.Literal
2015-09-23 16:28:10,150 - Loaded System Directive: org.apache.velocity.runtime.directive.Macro
2015-09-23 16:28:10,150 - Loaded System Directive: org.apache.velocity.runtime.directive.Parse
2015-09-23 16:28:10,150 - Loaded System Directive: org.apache.velocity.runtime.directive.Include
2015-09-23 16:28:10,150 - Loaded System Directive: org.apache.velocity.runtime.directive.Foreach
2015-09-23 16:28:10,151 - Created '20' parsers.
2015-09-23 16:28:10,151 - Velocimacro : "velocimacro.library" is not set.  Trying default library: VM_global_library.vm
2015-09-23 16:28:10,151 - Could not load resource 'VM_global_library.vm' from ResourceLoader org.apache.velocity.runtime.resource.loader.ClasspathResourceLoader: ClasspathResourceLoader Error: cannot find resource VM_global_library.vm
2015-09-23 16:28:10,151 - Velocimacro : Default library not found.
2015-09-23 16:28:10,151 - Velocimacro : allowInline = true : VMs can be defined inline in templates
2015-09-23 16:28:10,152 - Velocimacro : allowInlineToOverride = false : VMs defined inline may NOT replace previous VM definitions
2015-09-23 16:28:10,152 - Velocimacro : allowInlineLocal = false : VMs defined inline will be global in scope if allowed.
2015-09-23 16:28:10,152 - Velocimacro : autoload off : VM system will not automatically reload global library macros
2015-09-23 16:28:10,152 - ResourceManager : found vm/java/messageHandler.vm with loader org.apache.velocity.runtime.resource.loader.ClasspathResourceLoader
urce.loader.ClasspathResourceLoader
2015-09-23 16:28:10,143 - ResourceCache: initialized (class org.apache.velocity.runtime.resource.ResourceCacheImpl) with class java.util.Collections$SynchronizedMap cache map.
2015-09-23 16:28:10,143 - ResourceCache: initialized (class org.apache.velocity.runtime.resource.ResourceCacheImpl) with class java.util.Collections$SynchronizedMap cache map.
2015-09-23 16:28:10,143 - ResourceCache: initialized (class org.apache.velocity.runtime.resource.ResourceCacheImpl) with class java.util.Collections$SynchronizedMap cache map.
2015-09-23 16:28:10,144 - Loaded System Directive: org.apache.velocity.runtime.directive.Stop
2015-09-23 16:28:10,144 - Loaded System Directive: org.apache.velocity.runtime.directive.Stop
2015-09-23 16:28:10,144 - Loaded System Directive: org.apache.velocity.runtime.directive.Stop
2015-09-23 16:28:10,144 - Loaded System Directive: org.apache.velocity.runtime.directive.Define
2015-09-23 16:28:10,144 - Loaded System Directive: org.apache.velocity.runtime.directive.Define
2015-09-23 16:28:10,144 - Loaded System Directive: org.apache.velocity.runtime.directive.Define
2015-09-23 16:28:10,144 - Loaded System Directive: org.apache.velocity.runtime.directive.Break
2015-09-23 16:28:10,144 - Loaded System Directive: org.apache.velocity.runtime.directive.Break
2015-09-23 16:28:10,144 - Loaded System Directive: org.apache.velocity.runtime.directive.Break
2015-09-23 16:28:10,144 - Loaded System Directive: org.apache.velocity.runtime.directive.Evaluate
2015-09-23 16:28:10,144 - Loaded System Directive: org.apache.velocity.runtime.directive.Evaluate
2015-09-23 16:28:10,144 - Loaded System Directive: org.apache.velocity.runtime.directive.Evaluate
2015-09-23 16:28:10,144 - Loaded System Directive: org.apache.velocity.runtime.directive.Literal
2015-09-23 16:28:10,144 - Loaded System Directive: org.apache.velocity.runtime.directive.Literal
2015-09-23 16:28:10,144 - Loaded System Directive: org.apache.velocity.runtime.directive.Literal
2015-09-23 16:28:10,144 - Loaded System Directive: org.apache.velocity.runtime.directive.Macro
2015-09-23 16:28:10,144 - Loaded System Directive: org.apache.velocity.runtime.directive.Macro
2015-09-23 16:28:10,144 - Loaded System Directive: org.apache.velocity.runtime.directive.Macro
2015-09-23 16:28:10,144 - Loaded System Directive: org.apache.velocity.runtime.directive.Parse
2015-09-23 16:28:10,144 - Loaded System Directive: org.apache.velocity.runtime.directive.Parse
2015-09-23 16:28:10,144 - Loaded System Directive: org.apache.velocity.runtime.directive.Parse
2015-09-23 16:28:10,144 - Loaded System Directive: org.apache.velocity.runtime.directive.Include
2015-09-23 16:28:10,144 - Loaded System Directive: org.apache.velocity.runtime.directive.Include
2015-09-23 16:28:10,144 - Loaded System Directive: org.apache.velocity.runtime.directive.Include
2015-09-23 16:28:10,144 - Loaded System Directive: org.apache.velocity.runtime.directive.Foreach
2015-09-23 16:28:10,144 - Loaded System Directive: org.apache.velocity.runtime.directive.Foreach
2015-09-23 16:28:10,144 - Loaded System Directive: org.apache.velocity.runtime.directive.Foreach
2015-09-23 16:28:10,145 - Created '20' parsers.
2015-09-23 16:28:10,145 - Created '20' parsers.
2015-09-23 16:28:10,145 - Created '20' parsers.
2015-09-23 16:28:10,145 - Velocimacro : "velocimacro.library" is not set.  Trying default library: VM_global_library.vm
2015-09-23 16:28:10,145 - Velocimacro : "velocimacro.library" is not set.  Trying default library: VM_global_library.vm
2015-09-23 16:28:10,145 - Velocimacro : "velocimacro.library" is not set.  Trying default library: VM_global_library.vm
2015-09-23 16:28:10,146 - Could not load resource 'VM_global_library.vm' from ResourceLoader org.apache.velocity.runtime.resource.loader.ClasspathResourceLoader: ClasspathResourceLoader Error: cannot find resource VM_global_library.vm
2015-09-23 16:28:10,146 - Could not load resource 'VM_global_library.vm' from ResourceLoader org.apache.velocity.runtime.resource.loader.ClasspathResourceLoader: ClasspathResourceLoader Error: cannot find resource VM_global_library.vm
2015-09-23 16:28:10,146 - Could not load resource 'VM_global_library.vm' from ResourceLoader org.apache.velocity.runtime.resource.loader.ClasspathResourceLoader: ClasspathResourceLoader Error: cannot find resource VM_global_library.vm
2015-09-23 16:28:10,146 - Velocimacro : Default library not found.
2015-09-23 16:28:10,146 - Velocimacro : Default library not found.
2015-09-23 16:28:10,146 - Velocimacro : Default library not found.
2015-09-23 16:28:10,146 - Velocimacro : allowInline = true : VMs can be defined inline in templates
2015-09-23 16:28:10,146 - Velocimacro : allowInline = true : VMs can be defined inline in templates
2015-09-23 16:28:10,146 - Velocimacro : allowInline = true : VMs can be defined inline in templates
2015-09-23 16:28:10,146 - Velocimacro : allowInlineToOverride = false : VMs defined inline may NOT replace previous VM definitions
2015-09-23 16:28:10,146 - Velocimacro : allowInlineToOverride = false : VMs defined inline may NOT replace previous VM definitions
2015-09-23 16:28:10,146 - Velocimacro : allowInlineToOverride = false : VMs defined inline may NOT replace previous VM definitions
2015-09-23 16:28:10,146 - Velocimacro : allowInlineLocal = false : VMs defined inline will be global in scope if allowed.
2015-09-23 16:28:10,146 - Velocimacro : allowInlineLocal = false : VMs defined inline will be global in scope if allowed.
2015-09-23 16:28:10,146 - Velocimacro : allowInlineLocal = false : VMs defined inline will be global in scope if allowed.
2015-09-23 16:28:10,146 - Velocimacro : autoload off : VM system will not automatically reload global library macros
2015-09-23 16:28:10,146 - Velocimacro : autoload off : VM system will not automatically reload global library macros
2015-09-23 16:28:10,146 - Velocimacro : autoload off : VM system will not automatically reload global library macros
2015-09-23 16:28:10,146 - ResourceManager : found vm/java/message.vm with loader org.apache.velocity.runtime.resource.loader.ClasspathResourceLoader
2015-09-23 16:28:10,146 - ResourceManager : found vm/java/message.vm with loader org.apache.velocity.runtime.resource.loader.ClasspathResourceLoader
2015-09-23 16:28:10,146 - ResourceManager : found vm/java/message.vm with loader org.apache.velocity.runtime.resource.loader.ClasspathResourceLoader
2015-09-23 16:28:10,149 - Log4JLogChute initialized using file 'velocity.log'
2015-09-23 16:28:10,149 - Log4JLogChute initialized using file 'velocity.log'
2015-09-23 16:28:10,149 - Log4JLogChute initialized using file 'velocity.log'
2015-09-23 16:28:10,149 - Log4JLogChute initialized using file 'velocity.log'
2015-09-23 16:28:10,149 - Initializing Velocity, Calling init()...
2015-09-23 16:28:10,149 - Initializing Velocity, Calling init()...
2015-09-23 16:28:10,149 - Initializing Velocity, Calling init()...
2015-09-23 16:28:10,149 - Initializing Velocity, Calling init()...
2015-09-23 16:28:10,149 - Starting Apache Velocity v1.7 (compiled: 2010-11-19 12:14:37)
2015-09-23 16:28:10,149 - Starting Apache Velocity v1.7 (compiled: 2010-11-19 12:14:37)
2015-09-23 16:28:10,149 - Starting Apache Velocity v1.7 (compiled: 2010-11-19 12:14:37)
2015-09-23 16:28:10,149 - Starting Apache Velocity v1.7 (compiled: 2010-11-19 12:14:37)
2015-09-23 16:28:10,149 - Default Properties File: org\apache\velocity\runtime\defaults\velocity.properties
2015-09-23 16:28:10,149 - Default Properties File: org\apache\velocity\runtime\defaults\velocity.properties
2015-09-23 16:28:10,149 - Default Properties File: org\apache\velocity\runtime\defaults\velocity.properties
2015-09-23 16:28:10,149 - Default Properties File: org\apache\velocity\runtime\defaults\velocity.properties
2015-09-23 16:28:10,149 - Trying to use logger class org.apache.velocity.runtime.log.AvalonLogChute
2015-09-23 16:28:10,149 - Trying to use logger class org.apache.velocity.runtime.log.AvalonLogChute
2015-09-23 16:28:10,149 - Trying to use logger class org.apache.velocity.runtime.log.AvalonLogChute
2015-09-23 16:28:10,149 - Trying to use logger class org.apache.velocity.runtime.log.AvalonLogChute
2015-09-23 16:28:10,149 - Target log system for org.apache.velocity.runtime.log.AvalonLogChute is not available (java.lang.NoClassDefFoundError: org/apache/log/format/Formatter).  Falling back to next log system...
2015-09-23 16:28:10,149 - Target log system for org.apache.velocity.runtime.log.AvalonLogChute is not available (java.lang.NoClassDefFoundError: org/apache/log/format/Formatter).  Falling back to next log system...
2015-09-23 16:28:10,149 - Target log system for org.apache.velocity.runtime.log.AvalonLogChute is not available (java.lang.NoClassDefFoundError: org/apache/log/format/Formatter).  Falling back to next log system...
2015-09-23 16:28:10,149 - Target log system for org.apache.velocity.runtime.log.AvalonLogChute is not available (java.lang.NoClassDefFoundError: org/apache/log/format/Formatter).  Falling back to next log system...
2015-09-23 16:28:10,149 - Trying to use logger class org.apache.velocity.runtime.log.Log4JLogChute
2015-09-23 16:28:10,149 - Trying to use logger class org.apache.velocity.runtime.log.Log4JLogChute
2015-09-23 16:28:10,149 - Trying to use logger class org.apache.velocity.runtime.log.Log4JLogChute
2015-09-23 16:28:10,149 - Trying to use logger class org.apache.velocity.runtime.log.Log4JLogChute
2015-09-23 16:28:10,149 - Using logger class org.apache.velocity.runtime.log.Log4JLogChute
2015-09-23 16:28:10,149 - Using logger class org.apache.velocity.runtime.log.Log4JLogChute
2015-09-23 16:28:10,149 - Using logger class org.apache.velocity.runtime.log.Log4JLogChute
2015-09-23 16:28:10,149 - Using logger class org.apache.velocity.runtime.log.Log4JLogChute
2015-09-23 16:28:10,149 - ResourceLoader instantiated: org.apache.velocity.runtime.resource.loader.ClasspathResourceLoader
2015-09-23 16:28:10,149 - ResourceLoader instantiated: org.apache.velocity.runtime.resource.loader.ClasspathResourceLoader
2015-09-23 16:28:10,149 - ResourceLoader instantiated: org.apache.velocity.runtime.resource.loader.ClasspathResourceLoader
2015-09-23 16:28:10,149 - ResourceLoader instantiated: org.apache.velocity.runtime.resource.loader.ClasspathResourceLoader
2015-09-23 16:28:10,149 - ResourceCache: initialized (class org.apache.velocity.runtime.resource.ResourceCacheImpl) with class java.util.Collections$SynchronizedMap cache map.
2015-09-23 16:28:10,149 - ResourceCache: initialized (class org.apache.velocity.runtime.resource.ResourceCacheImpl) with class java.util.Collections$SynchronizedMap cache map.
2015-09-23 16:28:10,149 - ResourceCache: initialized (class org.apache.velocity.runtime.resource.ResourceCacheImpl) with class java.util.Collections$SynchronizedMap cache map.
2015-09-23 16:28:10,149 - ResourceCache: initialized (class org.apache.velocity.runtime.resource.ResourceCacheImpl) with class java.util.Collections$SynchronizedMap cache map.
2015-09-23 16:28:10,150 - Loaded System Directive: org.apache.velocity.runtime.directive.Stop
2015-09-23 16:28:10,150 - Loaded System Directive: org.apache.velocity.runtime.directive.Stop
2015-09-23 16:28:10,150 - Loaded System Directive: org.apache.velocity.runtime.directive.Stop
2015-09-23 16:28:10,150 - Loaded System Directive: org.apache.velocity.runtime.directive.Stop
2015-09-23 16:28:10,150 - Loaded System Directive: org.apache.velocity.runtime.directive.Define
2015-09-23 16:28:10,150 - Loaded System Directive: org.apache.velocity.runtime.directive.Define
2015-09-23 16:28:10,150 - Loaded System Directive: org.apache.velocity.runtime.directive.Define
2015-09-23 16:28:10,150 - Loaded System Directive: org.apache.velocity.runtime.directive.Define
2015-09-23 16:28:10,150 - Loaded System Directive: org.apache.velocity.runtime.directive.Break
2015-09-23 16:28:10,150 - Loaded System Directive: org.apache.velocity.runtime.directive.Break
2015-09-23 16:28:10,150 - Loaded System Directive: org.apache.velocity.runtime.directive.Break
2015-09-23 16:28:10,150 - Loaded System Directive: org.apache.velocity.runtime.directive.Break
2015-09-23 16:28:10,150 - Loaded System Directive: org.apache.velocity.runtime.directive.Evaluate
2015-09-23 16:28:10,150 - Loaded System Directive: org.apache.velocity.runtime.directive.Evaluate
2015-09-23 16:28:10,150 - Loaded System Directive: org.apache.velocity.runtime.directive.Evaluate
2015-09-23 16:28:10,150 - Loaded System Directive: org.apache.velocity.runtime.directive.Evaluate
2015-09-23 16:28:10,150 - Loaded System Directive: org.apache.velocity.runtime.directive.Literal
2015-09-23 16:28:10,150 - Loaded System Directive: org.apache.velocity.runtime.directive.Literal
2015-09-23 16:28:10,150 - Loaded System Directive: org.apache.velocity.runtime.directive.Literal
2015-09-23 16:28:10,150 - Loaded System Directive: org.apache.velocity.runtime.directive.Literal
2015-09-23 16:28:10,150 - Loaded System Directive: org.apache.velocity.runtime.directive.Macro
2015-09-23 16:28:10,150 - Loaded System Directive: org.apache.velocity.runtime.directive.Macro
2015-09-23 16:28:10,150 - Loaded System Directive: org.apache.velocity.runtime.directive.Macro
2015-09-23 16:28:10,150 - Loaded System Directive: org.apache.velocity.runtime.directive.Macro
2015-09-23 16:28:10,150 - Loaded System Directive: org.apache.velocity.runtime.directive.Parse
2015-09-23 16:28:10,150 - Loaded System Directive: org.apache.velocity.runtime.directive.Parse
2015-09-23 16:28:10,150 - Loaded System Directive: org.apache.velocity.runtime.directive.Parse
2015-09-23 16:28:10,150 - Loaded System Directive: org.apache.velocity.runtime.directive.Parse
2015-09-23 16:28:10,150 - Loaded System Directive: org.apache.velocity.runtime.directive.Include
2015-09-23 16:28:10,150 - Loaded System Directive: org.apache.velocity.runtime.directive.Include
2015-09-23 16:28:10,150 - Loaded System Directive: org.apache.velocity.runtime.directive.Include
2015-09-23 16:28:10,150 - Loaded System Directive: org.apache.velocity.runtime.directive.Include
2015-09-23 16:28:10,150 - Loaded System Directive: org.apache.velocity.runtime.directive.Foreach
2015-09-23 16:28:10,150 - Loaded System Directive: org.apache.velocity.runtime.directive.Foreach
2015-09-23 16:28:10,150 - Loaded System Directive: org.apache.velocity.runtime.directive.Foreach
2015-09-23 16:28:10,150 - Loaded System Directive: org.apache.velocity.runtime.directive.Foreach
2015-09-23 16:28:10,151 - Created '20' parsers.
2015-09-23 16:28:10,151 - Created '20' parsers.
2015-09-23 16:28:10,151 - Created '20' parsers.
2015-09-23 16:28:10,151 - Created '20' parsers.
2015-09-23 16:28:10,151 - Velocimacro : "velocimacro.library" is not set.  Trying default library: VM_global_library.vm
2015-09-23 16:28:10,151 - Velocimacro : "velocimacro.library" is not set.  Trying default library: VM_global_library.vm
2015-09-23 16:28:10,151 - Velocimacro : "velocimacro.library" is not set.  Trying default library: VM_global_library.vm
2015-09-23 16:28:10,151 - Velocimacro : "velocimacro.library" is not set.  Trying default library: VM_global_library.vm
2015-09-23 16:28:10,151 - Could not load resource 'VM_global_library.vm' from ResourceLoader org.apache.velocity.runtime.resource.loader.ClasspathResourceLoader: ClasspathResourceLoader Error: cannot find resource VM_global_library.vm
2015-09-23 16:28:10,151 - Could not load resource 'VM_global_library.vm' from ResourceLoader org.apache.velocity.runtime.resource.loader.ClasspathResourceLoader: ClasspathResourceLoader Error: cannot find resource VM_global_library.vm
2015-09-23 16:28:10,151 - Could not load resource 'VM_global_library.vm' from ResourceLoader org.apache.velocity.runtime.resource.loader.ClasspathResourceLoader: ClasspathResourceLoader Error: cannot find resource VM_global_library.vm
2015-09-23 16:28:10,151 - Could not load resource 'VM_global_library.vm' from ResourceLoader org.apache.velocity.runtime.resource.loader.ClasspathResourceLoader: ClasspathResourceLoader Error: cannot find resource VM_global_library.vm
2015-09-23 16:28:10,151 - Velocimacro : Default library not found.
2015-09-23 16:28:10,151 - Velocimacro : Default library not found.
2015-09-23 16:28:10,151 - Velocimacro : Default library not found.
2015-09-23 16:28:10,151 - Velocimacro : Default library not found.
2015-09-23 16:28:10,151 - Velocimacro : allowInline = true : VMs can be defined inline in templates
2015-09-23 16:28:10,151 - Velocimacro : allowInline = true : VMs can be defined inline in templates
2015-09-23 16:28:10,151 - Velocimacro : allowInline = true : VMs can be defined inline in templates
2015-09-23 16:28:10,151 - Velocimacro : allowInline = true : VMs can be defined inline in templates
2015-09-23 16:28:10,152 - Velocimacro : allowInlineToOverride = false : VMs defined inline may NOT replace previous VM definitions
2015-09-23 16:28:10,152 - Velocimacro : allowInlineToOverride = false : VMs defined inline may NOT replace previous VM definitions
2015-09-23 16:28:10,152 - Velocimacro : allowInlineToOverride = false : VMs defined inline may NOT replace previous VM definitions
2015-09-23 16:28:10,152 - Velocimacro : allowInlineToOverride = false : VMs defined inline may NOT replace previous VM definitions
2015-09-23 16:28:10,152 - Velocimacro : allowInlineLocal = false : VMs defined inline will be global in scope if allowed.
2015-09-23 16:28:10,152 - Velocimacro : allowInlineLocal = false : VMs defined inline will be global in scope if allowed.
2015-09-23 16:28:10,152 - Velocimacro : allowInlineLocal = false : VMs defined inline will be global in scope if allowed.
2015-09-23 16:28:10,152 - Velocimacro : allowInlineLocal = false : VMs defined inline will be global in scope if allowed.
2015-09-23 16:28:10,152 - Velocimacro : autoload off : VM system will not automatically reload global library macros
2015-09-23 16:28:10,152 - Velocimacro : autoload off : VM system will not automatically reload global library macros
2015-09-23 16:28:10,152 - Velocimacro : autoload off : VM system will not automatically reload global library macros
2015-09-23 16:28:10,152 - Velocimacro : autoload off : VM system will not automatically reload global library macros
2015-09-23 16:28:10,152 - ResourceManager : found vm/java/messageHandler.vm with loader org.apache.velocity.runtime.resource.loader.ClasspathResourceLoader
2015-09-23 16:28:10,152 - ResourceManager : found vm/java/messageHandler.vm with loader org.apache.velocity.runtime.resource.loader.ClasspathResourceLoader
2015-09-23 16:28:10,152 - ResourceManager : found vm/java/messageHandler.vm with loader org.apache.velocity.runtime.resource.loader.ClasspathResourceLoader
2015-09-23 16:28:10,152 - ResourceManager : found vm/java/messageHandler.vm with loader org.apache.velocity.runtime.resource.loader.ClasspathResourceLoader
